<?xml version="1.0" encoding="UTF-8"?>
<testng-results skipped="0" failed="0" ignored="0" total="1" passed="1">
  <reporter-output>
    <line>
      <![CDATA[Faded Short Sleeve T-shirts]]>
    </line>
  </reporter-output>
  <suite name="Surefire suite" duration-ms="41" started-at="2022-04-26T12:18:03Z" finished-at="2022-04-26T12:18:03Z">
    <groups>
    </groups>
    <test name="Surefire test" duration-ms="41" started-at="2022-04-26T12:18:03Z" finished-at="2022-04-26T12:18:03Z">
      <class name="AutomationTesting.Test.AppTest">
        <test-method status="PASS" signature="shouldAnswerWithTrue()" name="shouldAnswerWithTrue" duration-ms="4" started-at="2022-04-26T12:18:03Z" finished-at="2022-04-26T12:18:03Z">
          <reporter-output>
          </reporter-output>
        </test-method> <!-- shouldAnswerWithTrue -->
      </class> <!-- AutomationTesting.Test.AppTest -->
    </test> <!-- Surefire test -->
  </suite> <!-- Surefire suite -->
</testng-results>
