<?xml version="1.0" encoding="UTF-8"?>
<!-- Generated by org.testng.reporters.JUnitReportReporter -->
<testsuite hostname="CND1166CNH" failures="0" tests="5" name="NewTest.Test1" time="52.896" errors="0" timestamp="2022-01-25T12:20:01 IST" skipped="0">
  <testcase classname="NewTest.Test1" name="scroll" time="15.993"/>
  <system-out/>
  <testcase classname="NewTest.Test1" name="window" time="11.700"/>
  <system-out>
    <![CDATA[the title 2: Facebook – log in or sign up
the url 2: https://www.facebook.com/
The title 1: Selenium Practise: Multiple window examples
The url 1: https://seleniumpractise.blogspot.com/2017/07/multiple-window-examples.html]]>
  </system-out>
  <testcase classname="NewTest.Test1" name="dropdown" time="6.111"/>
  <system-out/>
  <testcase classname="NewTest.Test1" name="alert" time="17.702"/>
  <system-out>
    <![CDATA[You selected Ok
You entered abc123]]>
  </system-out>
  <testcase classname="NewTest.Test1" name="Verifytitle" time="1.390"/>
  <system-out>
    <![CDATA[Google
https://www.google.com/]]>
  </system-out>
</testsuite> <!-- NewTest.Test1 -->
