<?xml version="1.0" encoding="UTF-8"?>
<!-- Generated by org.testng.reporters.JUnitXMLReporter -->
<testsuite ignored="0" hostname="CND1166CNH" failures="0" tests="5" name="chromebrowser" time="54.256" errors="0" timestamp="2022-01-25T12:18:54 IST">
  <testcase classname="NewTest.Test1" name="scroll" time="15.993"/>
  <testcase classname="NewTest.Test1" name="window" time="11.7"/>
  <testcase classname="NewTest.Test1" name="dropdown" time="6.111"/>
  <testcase classname="NewTest.Test1" name="alert" time="17.702"/>
  <testcase classname="NewTest.Test1" name="Verifytitle" time="1.39"/>
</testsuite> <!-- chromebrowser -->
