<?xml version="1.0" encoding="UTF-8"?>
<!-- Generated by org.testng.reporters.JUnitXMLReporter -->
<testsuite ignored="0" hostname="CND1166CNH" failures="0" tests="5" name="firefoxbrowser" time="66.788" errors="0" timestamp="2022-01-25T12:20:01 IST">
  <testcase classname="NewTest.Test2" name="frame" time="5.794"/>
  <testcase classname="NewTest.Test2" name="printlink" time="3.468"/>
  <testcase classname="NewTest.Test2" name="form" time="34.506"/>
  <testcase classname="NewTest.Test2" name="mouse" time="8.232"/>
  <testcase classname="NewTest.Test2" name="demoaction" time="9.333"/>
</testsuite> <!-- firefoxbrowser -->
