<?xml version="1.0" encoding="UTF-8"?>
<testng-results skipped="0" failed="0" ignored="0" total="1" passed="1">
  <reporter-output>
    <line>
      <![CDATA[Faded Short Sleeve T-shirts]]>
    </line>
  </reporter-output>
  <suite name="Surefire suite" duration-ms="28425" started-at="2022-04-26T12:17:34Z" finished-at="2022-04-26T12:18:02Z">
    <groups>
    </groups>
    <test name="Surefire test" duration-ms="28425" started-at="2022-04-26T12:17:34Z" finished-at="2022-04-26T12:18:02Z">
      <class name="AutomationTesting.Test.SearchResultVerifyTest">
        <test-method status="PASS" signature="launch()[pri:0, instance:AutomationTesting.Test.SearchResultVerifyTest@67b6d4ae]" name="launch" is-config="true" duration-ms="2286" started-at="2022-04-26T12:17:34Z" finished-at="2022-04-26T12:17:36Z">
          <reporter-output>
          </reporter-output>
        </test-method> <!-- launch -->
        <test-method status="PASS" signature="url()[pri:0, instance:AutomationTesting.Test.SearchResultVerifyTest@67b6d4ae]" name="url" duration-ms="26122" started-at="2022-04-26T12:17:36Z" finished-at="2022-04-26T12:18:02Z">
          <reporter-output>
            <line>
              <![CDATA[Faded Short Sleeve T-shirts]]>
            </line>
          </reporter-output>
        </test-method> <!-- url -->
      </class> <!-- AutomationTesting.Test.SearchResultVerifyTest -->
    </test> <!-- Surefire test -->
  </suite> <!-- Surefire suite -->
</testng-results>
